# JRE version: Java(TM) SE Runtime Environment (8.0_291-b10) (build 1.8.0_291-b10)
# Java VM: Java HotSpot(TM) 64-Bit Server VM (25.291-b10 mixed mode windows-amd64 compressed oops)
Heap:
 PSYoungGen      total 289792K, used 27136K [0x00000000d5580000, 0x00000000ee180000, 0x0000000100000000)
  eden space 268800K, 3% used [0x00000000d5580000,0x00000000d5d61f90,0x00000000e5c00000)
  from space 20992K, 90% used [0x00000000e5c00000,0x00000000e6e9e1e8,0x00000000e7080000)
  to   space 23552K, 0% used [0x00000000eca80000,0x00000000eca80000,0x00000000ee180000)
 ParOldGen       total 95744K, used 47646K [0x0000000080000000, 0x0000000085d80000, 0x00000000d5580000)
  object space 95744K, 49% used [0x0000000080000000,0x0000000082e87b40,0x0000000085d80000)
 Metaspace       used 85840K, capacity 89184K, committed 89432K, reserved 1126400K
  class space    used 11699K, capacity 12332K, committed 12376K, reserved 1048576K
GC Heap History (10 events):
Event: 87.491 GC heap after
Heap after GC invocations=13 (full 2):
 PSYoungGen      total 231936K, used 4603K [0x00000000d5580000, 0x00000000e7700000, 0x0000000100000000)
  eden space 216064K, 0% used [0x00000000d5580000,0x00000000d5580000,0x00000000e2880000)
  from space 15872K, 29% used [0x00000000e2880000,0x00000000e2cfecb8,0x00000000e3800000)
  to   space 15872K, 0% used [0x00000000e6780000,0x00000000e6780000,0x00000000e7700000)
 ParOldGen       total 69120K, used 30741K [0x0000000080000000, 0x0000000084380000, 0x00000000d5580000)
  object space 69120K, 44% used [0x0000000080000000,0x0000000081e057c0,0x0000000084380000)
 Metaspace       used 49546K, capacity 51640K, committed 51928K, reserved 1093632K
  class space    used 6691K, capacity 7104K, committed 7128K, reserved 1048576K
}
Event: 507.781 GC heap before
{Heap before GC invocations=14 (full 2):
 PSYoungGen      total 231936K, used 220667K [0x00000000d5580000, 0x00000000e7700000, 0x0000000100000000)
  eden space 216064K, 100% used [0x00000000d5580000,0x00000000e2880000,0x00000000e2880000)
  from space 15872K, 29% used [0x00000000e2880000,0x00000000e2cfecb8,0x00000000e3800000)
  to   space 15872K, 0% used [0x00000000e6780000,0x00000000e6780000,0x00000000e7700000)
 ParOldGen       total 69120K, used 30741K [0x0000000080000000, 0x0000000084380000, 0x00000000d5580000)
  object space 69120K, 44% used [0x0000000080000000,0x0000000081e057c0,0x0000000084380000)
 Metaspace       used 55973K, capacity 58272K, committed 58584K, reserved 1099776K
  class space    used 7463K, capacity 7867K, committed 7896K, reserved 1048576K
Event: 507.792 GC heap after
Heap after GC invocations=14 (full 2):
 PSYoungGen      total 218624K, used 11217K [0x00000000d5580000, 0x00000000e7280000, 0x0000000100000000)
  eden space 207360K, 0% used [0x00000000d5580000,0x00000000d5580000,0x00000000e2000000)
  from space 11264K, 99% used [0x00000000e6780000,0x00000000e7274728,0x00000000e7280000)
  to   space 16384K, 0% used [0x00000000e5280000,0x00000000e5280000,0x00000000e6280000)
 ParOldGen       total 69120K, used 30749K [0x0000000080000000, 0x0000000084380000, 0x00000000d5580000)
  object space 69120K, 44% used [0x0000000080000000,0x0000000081e077c0,0x0000000084380000)
 Metaspace       used 55973K, capacity 58272K, committed 58584K, reserved 1099776K
  class space    used 7463K, capacity 7867K, committed 7896K, reserved 1048576K
}
Event: 507.868 GC heap before
{Heap before GC invocations=15 (full 2):
 PSYoungGen      total 218624K, used 17996K [0x00000000d5580000, 0x00000000e7280000, 0x0000000100000000)
  eden space 207360K, 3% used [0x00000000d5580000,0x00000000d5c1eb10,0x00000000e2000000)
  from space 11264K, 99% used [0x00000000e6780000,0x00000000e7274728,0x00000000e7280000)
  to   space 16384K, 0% used [0x00000000e5280000,0x00000000e5280000,0x00000000e6280000)
 ParOldGen       total 69120K, used 30749K [0x0000000080000000, 0x0000000084380000, 0x00000000d5580000)
  object space 69120K, 44% used [0x0000000080000000,0x0000000081e077c0,0x0000000084380000)
 Metaspace       used 56501K, capacity 58890K, committed 58968K, reserved 1099776K
  class space    used 7528K, capacity 7978K, committed 8024K, reserved 1048576K
Event: 507.873 GC heap after
Heap after GC invocations=15 (full 2):
 PSYoungGen      total 275456K, used 6525K [0x00000000d5580000, 0x00000000e8000000, 0x0000000100000000)
  eden space 259072K, 0% used [0x00000000d5580000,0x00000000d5580000,0x00000000e5280000)
  from space 16384K, 39% used [0x00000000e5280000,0x00000000e58df610,0x00000000e6280000)
  to   space 15872K, 0% used [0x00000000e7080000,0x00000000e7080000,0x00000000e8000000)
 ParOldGen       total 69120K, used 30757K [0x0000000080000000, 0x0000000084380000, 0x00000000d5580000)
  object space 69120K, 44% used [0x0000000080000000,0x0000000081e097c0,0x0000000084380000)
 Metaspace       used 56501K, capacity 58890K, committed 58968K, reserved 1099776K
  class space    used 7528K, capacity 7978K, committed 8024K, reserved 1048576K
}
Event: 507.873 GC heap before
{Heap before GC invocations=16 (full 3):
 PSYoungGen      total 275456K, used 6525K [0x00000000d5580000, 0x00000000e8000000, 0x0000000100000000)
  eden space 259072K, 0% used [0x00000000d5580000,0x00000000d5580000,0x00000000e5280000)
  from space 16384K, 39% used [0x00000000e5280000,0x00000000e58df610,0x00000000e6280000)
  to   space 15872K, 0% used [0x00000000e7080000,0x00000000e7080000,0x00000000e8000000)
 ParOldGen       total 69120K, used 30757K [0x0000000080000000, 0x0000000084380000, 0x00000000d5580000)
  object space 69120K, 44% used [0x0000000080000000,0x0000000081e097c0,0x0000000084380000)
 Metaspace       used 56501K, capacity 58890K, committed 58968K, reserved 1099776K
  class space    used 7528K, capacity 7978K, committed 8024K, reserved 1048576K
Event: 508.051 GC heap after
Heap after GC invocations=16 (full 3):
 PSYoungGen      total 275456K, used 0K [0x00000000d5580000, 0x00000000e8000000, 0x0000000100000000)
  eden space 259072K, 0% used [0x00000000d5580000,0x00000000d5580000,0x00000000e5280000)
  from space 16384K, 0% used [0x00000000e5280000,0x00000000e5280000,0x00000000e6280000)
  to   space 15872K, 0% used [0x00000000e7080000,0x00000000e7080000,0x00000000e8000000)
 ParOldGen       total 95744K, used 27938K [0x0000000080000000, 0x0000000085d80000, 0x00000000d5580000)
  object space 95744K, 29% used [0x0000000080000000,0x0000000081b48b00,0x0000000085d80000)
 Metaspace       used 56383K, capacity 58602K, committed 58968K, reserved 1099776K
  class space    used 7495K, capacity 7929K, committed 8024K, reserved 1048576K
}
Event: 555.951 GC heap before
{Heap before GC invocations=17 (full 3):
 PSYoungGen      total 275456K, used 259072K [0x00000000d5580000, 0x00000000e8000000, 0x0000000100000000)
  eden space 259072K, 100% used [0x00000000d5580000,0x00000000e5280000,0x00000000e5280000)
  from space 16384K, 0% used [0x00000000e5280000,0x00000000e5280000,0x00000000e6280000)
  to   space 15872K, 0% used [0x00000000e7080000,0x00000000e7080000,0x00000000e8000000)
 ParOldGen       total 95744K, used 27938K [0x0000000080000000, 0x0000000085d80000, 0x00000000d5580000)
  object space 95744K, 29% used [0x0000000080000000,0x0000000081b48b00,0x0000000085d80000)
 Metaspace       used 71535K, capacity 74324K, committed 74584K, reserved 1114112K
  class space    used 9714K, capacity 10229K, committed 10328K, reserved 1048576K
Event: 555.972 GC heap after
Heap after GC invocations=17 (full 3):
 PSYoungGen      total 284672K, used 15856K [0x00000000d5580000, 0x00000000ed100000, 0x0000000100000000)
  eden space 268800K, 0% used [0x00000000d5580000,0x00000000d5580000,0x00000000e5c00000)
  from space 15872K, 99% used [0x00000000e7080000,0x00000000e7ffc0d0,0x00000000e8000000)
  to   space 20992K, 0% used [0x00000000e5c00000,0x00000000e5c00000,0x00000000e7080000)
 ParOldGen       total 95744K, used 35801K [0x0000000080000000, 0x0000000085d80000, 0x00000000d5580000)
  object space 95744K, 37% used [0x0000000080000000,0x00000000822f6460,0x0000000085d80000)
 Metaspace       used 71535K, capacity 74324K, committed 74584K, reserved 1114112K
  class space    used 9714K, capacity 10229K, committed 10328K, reserved 1048576K
}
Event: 623.293 GC heap before
{Heap before GC invocations=18 (full 3):
 PSYoungGen      total 284672K, used 284656K [0x00000000d5580000, 0x00000000ed100000, 0x0000000100000000)
  eden space 268800K, 100% used [0x00000000d5580000,0x00000000e5c00000,0x00000000e5c00000)
  from space 15872K, 99% used [0x00000000e7080000,0x00000000e7ffc0d0,0x00000000e8000000)
  to   space 20992K, 0% used [0x00000000e5c00000,0x00000000e5c00000,0x00000000e7080000)
 ParOldGen       total 95744K, used 35801K [0x0000000080000000, 0x0000000085d80000, 0x00000000d5580000)
  object space 95744K, 37% used [0x0000000080000000,0x00000000822f6460,0x0000000085d80000)
 Metaspace       used 85840K, capacity 89184K, committed 89432K, reserved 1126400K
  class space    used 11699K, capacity 12332K, committed 12376K, reserved 1048576K

